INFO - 2016-08-26 17:00:06,893 - add_log.py - +++++++++++++ begin  +++++++++++++++++++++++
INFO - 2016-08-26 17:00:06,894 - add_log.py - +++++++++++++ finish  +++++++++++++++++++++++
INFO - 2016-08-26 17:04:29,411 - add_log - +++++++++++++ begin  +++++++++++++++++++++++
INFO - 2016-08-26 17:04:29,412 - add_log - +++++++++++++ finish  +++++++++++++++++++++++
INFO - 2016-08-26 17:05:57,800 - add_log - /home/secneo/InstallAQCP/InstallAQCP/utils/add_log.py- +++++++++++++ begin  +++++++++++++++++++++++
INFO - 2016-08-26 17:05:57,800 - add_log - /home/secneo/InstallAQCP/InstallAQCP/utils/add_log.py- +++++++++++++ finish  +++++++++++++++++++++++
INFO - 2016-08-26 17:07:56,665 - add_log - /home/secneo/InstallAQCP/InstallAQCP/utils/add_log.py- +++++++++++++ begin  +++++++++++++++++++++++
INFO - 2016-08-26 17:07:56,667 - add_log - /home/secneo/InstallAQCP/InstallAQCP/utils/add_log.py- +++++++++++++ finish  +++++++++++++++++++++++
INFO - 2016-08-26 17:38:03,137 - add_log - /home/secneo/InstallAQCP/InstallAQCP/utils/add_log.py- +++++++++++++ begin  +++++++++++++++++++++++
INFO - 2016-08-26 17:38:03,138 - add_log - /home/secneo/InstallAQCP/InstallAQCP/utils/add_log.py- +++++++++++++ finish  +++++++++++++++++++++++
INFO - 2016-08-26 17:38:41,913 - add_log - +++++++++++++ begin  +++++++++++++++++++++++
INFO - 2016-08-26 17:38:41,914 - add_log - +++++++++++++ finish  +++++++++++++++++++++++
INFO - 2016-08-26 17:39:29,629 - add_log - +++++++++++++ begin initenv +++++++++++++++++++++++
INFO - 2016-08-26 17:39:29,631 - add_log - +++++++++++++ finish initenv +++++++++++++++++++++++
INFO - 2016-08-26 17:43:09,693 - add_log - +++++++++++++ begin initenv +++++++++++++++++++++++
INFO - 2016-08-26 17:43:09,695 - add_log - +++++++++++++ finish initenv +++++++++++++++++++++++
INFO - 2016-08-26 17:44:55,117 - add_log - +++++++++++++ begin handler.initenv +++++++++++++++++++++++
INFO - 2016-08-26 17:44:55,118 - add_log - +++++++++++++ finish handler.initenv +++++++++++++++++++++++
INFO - 2016-08-26 17:45:33,121 - add_log - +++++++++++++ begin /home/secneo/InstallAQCP/InstallAQCP/handler/initenv.py +++++++++++++++++++++++
INFO - 2016-08-26 17:45:33,123 - add_log - +++++++++++++ finish /home/secneo/InstallAQCP/InstallAQCP/handler/initenv.py +++++++++++++++++++++++
INFO - 2016-08-26 17:46:08,704 - add_log - +++++++++++++ begin handler.initenv +++++++++++++++++++++++
INFO - 2016-08-26 17:46:08,706 - add_log - +++++++++++++ finish handler.initenv +++++++++++++++++++++++
